2020-07-16 12:39:27,454 - instabot version: 0.117.0 (bot) - INFO - Instabot version: 0.117.0 Started
2020-07-16 12:39:27,461 - instabot version: 0.117.0 (bot) - DEBUG - Bot imported from C:\Users\beast\AppData\Roaming\Python\Python37\site-packages\instabot\bot\bot.py
2020-07-16 12:39:27,473 - instabot version: 0.117.0 (api_login) - DEBUG - Loading cookies
2020-07-16 12:39:27,475 - instabot version: 0.117.0 (api_login) - DEBUG - Loading uuids
2020-07-16 12:39:27,475 - instabot version: 0.117.0 (api_login) - INFO - Recovery from D:\python\instabot/config/usmanaslam406_uuid_and_cookie.json: COOKIE True - UUIDs True - TIMING, DEVICE and ...
- user-agent=Instagram 117.0.0.28.123 Android (28/9.0; 420dpi; 1080x1920; OnePlus; ONEPLUS A3003; OnePlus3; qcom; en_US; 180322800)
- phone_id=7f690b8d-3868-49f6-ad8f-1fbe4192dc25
- uuid=1bbfd142-163d-495d-99a6-dac22d91ac34
- client_session_id=bb1f8398-1b09-4178-a050-79b7113bcc53
- device_id=android-f0522cd16f3458a1
2020-07-16 12:39:27,557 - instabot version: 0.117.0 (api_login) - INFO - LOGIN FLOW! Just logged-in: False
2020-07-16 12:39:29,444 - instabot version: 0.117.0 (api) - DEBUG - POST to endpoint: feed/timeline/ returned response: <Response [200]>
2020-07-16 12:39:30,254 - instabot version: 0.117.0 (api) - DEBUG - POST to endpoint: feed/reels_tray/ returned response: <Response [200]>
2020-07-16 12:39:30,273 - instabot version: 0.117.0 (api) - INFO - Logged-in successfully as 'usmanaslam406'!
2020-07-16 12:39:30,288 - instabot version: 0.117.0 (bot_checkpoint) - DEBUG - Loading Checkpoint file from: D:\python\instabot/config/usmanaslam406.checkpoint
2020-07-16 12:39:35,464 - instabot version: 0.117.0 (api_photo) - ERROR - Photo Upload failed with the following response: <Response [400]>
2020-07-16 12:39:35,482 - instabot version: 0.117.0 (bot_photo) - INFO - Photo 'C:\xamp\htdocs\chat_bot\Table\images/postsimages/arsalan/LoginBG.png' is not uploaded.
2020-07-16 12:40:11,734 - instabot version: 0.117.0 (bot) - INFO - Instabot version: 0.117.0 Started
2020-07-16 12:40:11,744 - instabot version: 0.117.0 (bot) - DEBUG - Bot imported from C:\Users\beast\AppData\Roaming\Python\Python37\site-packages\instabot\bot\bot.py
2020-07-16 12:40:11,753 - instabot version: 0.117.0 (api_login) - DEBUG - Loading cookies
2020-07-16 12:40:11,754 - instabot version: 0.117.0 (api_login) - DEBUG - Loading uuids
2020-07-16 12:40:11,754 - instabot version: 0.117.0 (api_login) - INFO - Recovery from D:\python\instabot/config/usmanaslam406_uuid_and_cookie.json: COOKIE True - UUIDs True - TIMING, DEVICE and ...
- user-agent=Instagram 117.0.0.28.123 Android (28/9.0; 420dpi; 1080x1920; OnePlus; ONEPLUS A3003; OnePlus3; qcom; en_US; 180322800)
- phone_id=7f690b8d-3868-49f6-ad8f-1fbe4192dc25
- uuid=1bbfd142-163d-495d-99a6-dac22d91ac34
- client_session_id=bb1f8398-1b09-4178-a050-79b7113bcc53
- device_id=android-f0522cd16f3458a1
2020-07-16 12:40:11,822 - instabot version: 0.117.0 (api_login) - INFO - LOGIN FLOW! Just logged-in: False
2020-07-16 12:40:13,361 - instabot version: 0.117.0 (api) - DEBUG - POST to endpoint: feed/timeline/ returned response: <Response [200]>
2020-07-16 12:40:14,206 - instabot version: 0.117.0 (api) - DEBUG - POST to endpoint: feed/reels_tray/ returned response: <Response [200]>
2020-07-16 12:40:14,228 - instabot version: 0.117.0 (api) - INFO - Logged-in successfully as 'usmanaslam406'!
2020-07-16 12:40:14,246 - instabot version: 0.117.0 (bot_checkpoint) - DEBUG - Loading Checkpoint file from: D:\python\instabot/config/usmanaslam406.checkpoint
2020-07-16 12:40:19,505 - instabot version: 0.117.0 (api_photo) - ERROR - Photo Upload failed with the following response: <Response [400]>
2020-07-16 12:40:19,523 - instabot version: 0.117.0 (bot_photo) - INFO - Photo 'C:\xamp\htdocs\chat_bot\Table\images/postsimages/arsalan/LoginBG.png' is not uploaded.
2020-07-16 12:40:27,923 - instabot version: 0.117.0 (bot) - INFO - Instabot version: 0.117.0 Started
2020-07-16 12:40:27,933 - instabot version: 0.117.0 (bot) - DEBUG - Bot imported from C:\Users\beast\AppData\Roaming\Python\Python37\site-packages\instabot\bot\bot.py
2020-07-16 12:40:27,956 - instabot version: 0.117.0 (api_login) - DEBUG - Loading cookies
2020-07-16 12:40:27,957 - instabot version: 0.117.0 (api_login) - DEBUG - Loading uuids
2020-07-16 12:40:27,957 - instabot version: 0.117.0 (api_login) - INFO - Recovery from D:\python\instabot/config/usmanaslam406_uuid_and_cookie.json: COOKIE True - UUIDs True - TIMING, DEVICE and ...
- user-agent=Instagram 117.0.0.28.123 Android (28/9.0; 420dpi; 1080x1920; OnePlus; ONEPLUS A3003; OnePlus3; qcom; en_US; 180322800)
- phone_id=7f690b8d-3868-49f6-ad8f-1fbe4192dc25
- uuid=1bbfd142-163d-495d-99a6-dac22d91ac34
- client_session_id=bb1f8398-1b09-4178-a050-79b7113bcc53
- device_id=android-f0522cd16f3458a1
2020-07-16 12:40:27,988 - instabot version: 0.117.0 (api_login) - INFO - LOGIN FLOW! Just logged-in: False
2020-07-16 12:40:29,737 - instabot version: 0.117.0 (api) - DEBUG - POST to endpoint: feed/timeline/ returned response: <Response [200]>
2020-07-16 12:40:30,478 - instabot version: 0.117.0 (api) - DEBUG - POST to endpoint: feed/reels_tray/ returned response: <Response [200]>
2020-07-16 12:40:30,491 - instabot version: 0.117.0 (api) - INFO - Logged-in successfully as 'usmanaslam406'!
2020-07-16 12:40:30,500 - instabot version: 0.117.0 (bot_checkpoint) - DEBUG - Loading Checkpoint file from: D:\python\instabot/config/usmanaslam406.checkpoint
2020-07-16 12:40:36,011 - instabot version: 0.117.0 (api_photo) - ERROR - Photo Upload failed with the following response: <Response [400]>
2020-07-16 12:40:36,035 - instabot version: 0.117.0 (bot_photo) - INFO - Photo 'C:\xamp\htdocs\chat_bot\Table\images/postsimages/arsalan/LoginBG.png' is not uploaded.
2020-07-16 12:41:45,500 - instabot version: 0.117.0 (bot) - INFO - Instabot version: 0.117.0 Started
2020-07-16 12:41:45,516 - instabot version: 0.117.0 (bot) - DEBUG - Bot imported from C:\Users\beast\AppData\Roaming\Python\Python37\site-packages\instabot\bot\bot.py
2020-07-16 12:41:45,533 - instabot version: 0.117.0 (api_login) - DEBUG - Loading cookies
2020-07-16 12:41:45,534 - instabot version: 0.117.0 (api_login) - DEBUG - Loading uuids
2020-07-16 12:41:45,535 - instabot version: 0.117.0 (api_login) - INFO - Recovery from D:\python\instabot/config/usmanaslam406_uuid_and_cookie.json: COOKIE True - UUIDs True - TIMING, DEVICE and ...
- user-agent=Instagram 117.0.0.28.123 Android (28/9.0; 420dpi; 1080x1920; OnePlus; ONEPLUS A3003; OnePlus3; qcom; en_US; 180322800)
- phone_id=7f690b8d-3868-49f6-ad8f-1fbe4192dc25
- uuid=1bbfd142-163d-495d-99a6-dac22d91ac34
- client_session_id=bb1f8398-1b09-4178-a050-79b7113bcc53
- device_id=android-f0522cd16f3458a1
2020-07-16 12:41:45,559 - instabot version: 0.117.0 (api_login) - INFO - LOGIN FLOW! Just logged-in: False
2020-07-16 12:41:47,571 - instabot version: 0.117.0 (api) - DEBUG - POST to endpoint: feed/timeline/ returned response: <Response [200]>
2020-07-16 12:41:48,369 - instabot version: 0.117.0 (api) - DEBUG - POST to endpoint: feed/reels_tray/ returned response: <Response [200]>
2020-07-16 12:41:48,388 - instabot version: 0.117.0 (api) - INFO - Logged-in successfully as 'usmanaslam406'!
2020-07-16 12:41:48,404 - instabot version: 0.117.0 (bot_checkpoint) - DEBUG - Loading Checkpoint file from: D:\python\instabot/config/usmanaslam406.checkpoint
2020-07-16 12:41:52,404 - instabot version: 0.117.0 (api_photo) - ERROR - Photo Upload failed with the following response: <Response [400]>
2020-07-16 12:41:52,430 - instabot version: 0.117.0 (bot_photo) - INFO - Photo 'C:\xamp\htdocs\chat_bot\Table\images/postsimages/arsalan/LoginBG.png' is not uploaded.
2020-07-16 12:43:36,221 - instabot version: 0.117.0 (bot) - INFO - Instabot version: 0.117.0 Started
2020-07-16 12:43:36,230 - instabot version: 0.117.0 (bot) - DEBUG - Bot imported from C:\Users\beast\AppData\Roaming\Python\Python37\site-packages\instabot\bot\bot.py
2020-07-16 12:43:36,242 - instabot version: 0.117.0 (api_login) - DEBUG - Loading cookies
2020-07-16 12:43:36,242 - instabot version: 0.117.0 (api_login) - DEBUG - Loading uuids
2020-07-16 12:43:36,243 - instabot version: 0.117.0 (api_login) - INFO - Recovery from D:\python\instabot/config/usmanaslam406_uuid_and_cookie.json: COOKIE True - UUIDs True - TIMING, DEVICE and ...
- user-agent=Instagram 117.0.0.28.123 Android (28/9.0; 420dpi; 1080x1920; OnePlus; ONEPLUS A3003; OnePlus3; qcom; en_US; 180322800)
- phone_id=7f690b8d-3868-49f6-ad8f-1fbe4192dc25
- uuid=1bbfd142-163d-495d-99a6-dac22d91ac34
- client_session_id=bb1f8398-1b09-4178-a050-79b7113bcc53
- device_id=android-f0522cd16f3458a1
2020-07-16 12:43:36,310 - instabot version: 0.117.0 (api_login) - INFO - LOGIN FLOW! Just logged-in: False
2020-07-16 12:43:38,061 - instabot version: 0.117.0 (api) - DEBUG - POST to endpoint: feed/timeline/ returned response: <Response [200]>
2020-07-16 12:43:38,835 - instabot version: 0.117.0 (api) - DEBUG - POST to endpoint: feed/reels_tray/ returned response: <Response [200]>
2020-07-16 12:43:38,854 - instabot version: 0.117.0 (api) - INFO - Logged-in successfully as 'usmanaslam406'!
2020-07-16 12:43:38,871 - instabot version: 0.117.0 (bot_checkpoint) - DEBUG - Loading Checkpoint file from: D:\python\instabot/config/usmanaslam406.checkpoint
2020-07-16 12:43:44,086 - instabot version: 0.117.0 (api_photo) - ERROR - Photo Upload failed with the following response: <Response [400]>
2020-07-16 12:43:44,113 - instabot version: 0.117.0 (bot_photo) - INFO - Photo 'C:\xamp\htdocs\chat_bot\Table\images/postsimages/arsalan/LoginBG.png' is not uploaded.
2020-07-16 12:45:15,011 - instabot version: 0.117.0 (bot) - INFO - Instabot version: 0.117.0 Started
2020-07-16 12:45:15,024 - instabot version: 0.117.0 (bot) - DEBUG - Bot imported from C:\Users\beast\AppData\Roaming\Python\Python37\site-packages\instabot\bot\bot.py
2020-07-16 12:45:15,041 - instabot version: 0.117.0 (api_login) - DEBUG - Loading cookies
2020-07-16 12:45:15,042 - instabot version: 0.117.0 (api_login) - DEBUG - Loading uuids
2020-07-16 12:45:15,042 - instabot version: 0.117.0 (api_login) - INFO - Recovery from D:\python\instabot/config/usmanaslam406_uuid_and_cookie.json: COOKIE True - UUIDs True - TIMING, DEVICE and ...
- user-agent=Instagram 117.0.0.28.123 Android (28/9.0; 420dpi; 1080x1920; OnePlus; ONEPLUS A3003; OnePlus3; qcom; en_US; 180322800)
- phone_id=7f690b8d-3868-49f6-ad8f-1fbe4192dc25
- uuid=1bbfd142-163d-495d-99a6-dac22d91ac34
- client_session_id=bb1f8398-1b09-4178-a050-79b7113bcc53
- device_id=android-f0522cd16f3458a1
2020-07-16 12:45:15,101 - instabot version: 0.117.0 (api_login) - INFO - LOGIN FLOW! Just logged-in: False
2020-07-16 12:45:16,655 - instabot version: 0.117.0 (api) - DEBUG - POST to endpoint: feed/timeline/ returned response: <Response [200]>
2020-07-16 12:45:17,402 - instabot version: 0.117.0 (api) - DEBUG - POST to endpoint: feed/reels_tray/ returned response: <Response [200]>
2020-07-16 12:45:17,422 - instabot version: 0.117.0 (api) - INFO - Logged-in successfully as 'usmanaslam406'!
2020-07-16 12:45:17,450 - instabot version: 0.117.0 (bot_checkpoint) - DEBUG - Loading Checkpoint file from: D:\python\instabot/config/usmanaslam406.checkpoint
2020-07-16 12:45:20,776 - instabot version: 0.117.0 (api_photo) - ERROR - Photo does not have a compatible photo aspect ratio.
2020-07-16 12:45:20,807 - instabot version: 0.117.0 (bot_photo) - INFO - Photo 'C:\xamp\htdocs\chat_bot\Table\images\postsimages\arsalan\5.jpg' is not uploaded.
2020-07-16 12:52:18,994 - instabot version: 0.117.0 (bot) - INFO - Instabot version: 0.117.0 Started
2020-07-16 12:52:19,011 - instabot version: 0.117.0 (bot) - DEBUG - Bot imported from C:\Users\beast\AppData\Roaming\Python\Python37\site-packages\instabot\bot\bot.py
2020-07-16 12:52:19,038 - instabot version: 0.117.0 (api_login) - DEBUG - Loading cookies
2020-07-16 12:52:19,040 - instabot version: 0.117.0 (api_login) - DEBUG - Loading uuids
2020-07-16 12:52:19,041 - instabot version: 0.117.0 (api_login) - INFO - Recovery from D:\python\instabot/config/usmanaslam406_uuid_and_cookie.json: COOKIE True - UUIDs True - TIMING, DEVICE and ...
- user-agent=Instagram 117.0.0.28.123 Android (28/9.0; 420dpi; 1080x1920; OnePlus; ONEPLUS A3003; OnePlus3; qcom; en_US; 180322800)
- phone_id=7f690b8d-3868-49f6-ad8f-1fbe4192dc25
- uuid=1bbfd142-163d-495d-99a6-dac22d91ac34
- client_session_id=bb1f8398-1b09-4178-a050-79b7113bcc53
- device_id=android-f0522cd16f3458a1
2020-07-16 12:52:19,087 - instabot version: 0.117.0 (api_login) - INFO - LOGIN FLOW! Just logged-in: False
2020-07-16 12:52:20,669 - instabot version: 0.117.0 (api) - DEBUG - POST to endpoint: feed/timeline/ returned response: <Response [200]>
2020-07-16 12:52:21,621 - instabot version: 0.117.0 (api) - DEBUG - POST to endpoint: feed/reels_tray/ returned response: <Response [200]>
2020-07-16 12:52:21,637 - instabot version: 0.117.0 (api) - INFO - Logged-in successfully as 'usmanaslam406'!
2020-07-16 12:52:21,652 - instabot version: 0.117.0 (bot_checkpoint) - DEBUG - Loading Checkpoint file from: D:\python\instabot/config/usmanaslam406.checkpoint
2020-07-16 12:52:28,810 - instabot version: 0.117.0 (api_photo) - ERROR - Photo does not have a compatible photo aspect ratio.
2020-07-16 12:52:28,843 - instabot version: 0.117.0 (bot_photo) - INFO - Photo 'C:\xamp\htdocs\chat_bot\Table\images\postsimages\arsalan\5.jpg' is not uploaded.
2020-07-16 15:50:26,847 - instabot version: 0.117.0 (bot) - INFO - Instabot version: 0.117.0 Started
2020-07-16 15:50:26,879 - instabot version: 0.117.0 (bot) - DEBUG - Bot imported from C:\Users\beast\AppData\Roaming\Python\Python37\site-packages\instabot\bot\bot.py
2020-07-16 15:50:26,896 - instabot version: 0.117.0 (api_login) - DEBUG - Loading cookies
2020-07-16 15:50:26,897 - instabot version: 0.117.0 (api_login) - DEBUG - Loading uuids
2020-07-16 15:50:26,897 - instabot version: 0.117.0 (api_login) - INFO - Recovery from D:\python\instabot/config/usmanaslam406_uuid_and_cookie.json: COOKIE True - UUIDs True - TIMING, DEVICE and ...
- user-agent=Instagram 117.0.0.28.123 Android (28/9.0; 420dpi; 1080x1920; OnePlus; ONEPLUS A3003; OnePlus3; qcom; en_US; 180322800)
- phone_id=7f690b8d-3868-49f6-ad8f-1fbe4192dc25
- uuid=1bbfd142-163d-495d-99a6-dac22d91ac34
- client_session_id=bb1f8398-1b09-4178-a050-79b7113bcc53
- device_id=android-f0522cd16f3458a1
2020-07-16 15:50:26,917 - instabot version: 0.117.0 (api_login) - INFO - LOGIN FLOW! Just logged-in: False
2020-07-16 15:50:28,732 - instabot version: 0.117.0 (api) - DEBUG - POST to endpoint: feed/timeline/ returned response: <Response [200]>
2020-07-16 15:50:29,553 - instabot version: 0.117.0 (api) - DEBUG - POST to endpoint: feed/reels_tray/ returned response: <Response [200]>
2020-07-16 15:50:30,372 - instabot version: 0.117.0 (api) - DEBUG - POST to endpoint: direct_v2/ranked_recipients/ returned response: <Response [200]>
2020-07-16 15:50:30,985 - instabot version: 0.117.0 (api) - DEBUG - POST to endpoint: direct_v2/ranked_recipients/ returned response: <Response [200]>
2020-07-16 15:50:32,113 - instabot version: 0.117.0 (api) - DEBUG - POST to endpoint: direct_v2/inbox/ returned response: <Response [200]>
2020-07-16 15:50:32,735 - instabot version: 0.117.0 (api) - DEBUG - GET to endpoint: direct_v2/get_presence/ returned response: <Response [200]>
2020-07-16 15:50:33,771 - instabot version: 0.117.0 (api) - DEBUG - GET to endpoint: news/inbox/?limited_activity=true&show_su=true returned response: <Response [200]>
2020-07-16 15:50:34,364 - instabot version: 0.117.0 (api) - DEBUG - GET to endpoint: users/profile_notice/ returned response: <Response [200]>
2020-07-16 15:50:35,214 - instabot version: 0.117.0 (api) - DEBUG - POST to endpoint: discover/explore/ returned response: <Response [200]>
2020-07-16 15:50:35,237 - instabot version: 0.117.0 (api) - INFO - Logged-in successfully as 'usmanaslam406'!
2020-07-16 15:50:35,266 - instabot version: 0.117.0 (bot_checkpoint) - DEBUG - Loading Checkpoint file from: D:\python\instabot/config/usmanaslam406.checkpoint
2020-07-16 15:50:41,722 - instabot version: 0.117.0 (api_photo) - ERROR - Photo does not have a compatible photo aspect ratio.
2020-07-16 15:50:41,758 - instabot version: 0.117.0 (bot_photo) - INFO - Photo 'C:\xamp\htdocs\chat_bot\Table\images\postsimages\arsalan\5.jpg' is not uploaded.
