2020-07-17 15:17:51,286 - instabot version: 0.117.0 (bot) - INFO - Instabot version: 0.117.0 Started
2020-07-17 15:17:51,290 - instabot version: 0.117.0 (bot) - DEBUG - Bot imported from C:\Users\beast\AppData\Roaming\Python\Python37\site-packages\instabot\bot\bot.py
2020-07-17 15:17:51,291 - instabot version: 0.117.0 (api_login) - DEBUG - Loading cookies
2020-07-17 15:17:51,292 - instabot version: 0.117.0 (api_login) - DEBUG - Loading uuids
2020-07-17 15:17:51,292 - instabot version: 0.117.0 (api_login) - INFO - Recovery from D:\python\instabot/config/usmanaslam406_uuid_and_cookie.json: COOKIE True - UUIDs True - TIMING, DEVICE and ...
- user-agent=Instagram 117.0.0.28.123 Android (28/9.0; 420dpi; 1080x1920; OnePlus; ONEPLUS A3003; OnePlus3; qcom; en_US; 180322800)
- phone_id=7f690b8d-3868-49f6-ad8f-1fbe4192dc25
- uuid=1bbfd142-163d-495d-99a6-dac22d91ac34
- client_session_id=2ece45d5-a97f-46ae-ae1d-ab75a991484f
- device_id=android-f0522cd16f3458a1
2020-07-17 15:17:51,331 - instabot version: 0.117.0 (api_login) - INFO - LOGIN FLOW! Just logged-in: False
2020-07-17 15:17:52,865 - instabot version: 0.117.0 (api) - DEBUG - POST to endpoint: feed/timeline/ returned response: <Response [200]>
2020-07-17 15:17:53,566 - instabot version: 0.117.0 (api) - DEBUG - POST to endpoint: feed/reels_tray/ returned response: <Response [200]>
2020-07-17 15:17:53,577 - instabot version: 0.117.0 (api) - INFO - Logged-in successfully as 'usmanaslam406'!
2020-07-17 15:17:53,581 - instabot version: 0.117.0 (bot_checkpoint) - DEBUG - Loading Checkpoint file from: D:\python\instabot/config/usmanaslam406.checkpoint
2020-07-17 15:17:54,141 - instabot version: 0.117.0 (api) - DEBUG - GET to endpoint: users/abdul_jabbar_a_j/usernameinfo/ returned response: <Response [200]>
2020-07-17 15:17:54,576 - instabot version: 0.117.0 (bot_follow) - INFO - Going to follow `user_id` 2905912660.
2020-07-17 15:17:54,582 - instabot version: 0.117.0 (api) - DEBUG - post data: {"user_id": "2905912660", "radio_type": "wifi-none", "device_id": "android-f0522cd16f3458a1", "_uuid": "1bbfd142-163d-495d-99a6-dac22d91ac34", "_uid": "37139012092", "_csrftoken": "MQD63mcMgemleSq1qYv07xYbEOlrZ8hi"}
2020-07-17 15:17:55,610 - instabot version: 0.117.0 (api) - DEBUG - POST to endpoint: friendships/create/2905912660/ returned response: <Response [200]>
2020-07-17 15:17:55,611 - instabot version: 0.117.0 (bot_follow) - INFO - Followed `user_id` 2905912660.
2020-07-17 15:17:56,290 - instabot version: 0.117.0 (api) - DEBUG - GET to endpoint: users/37139012092/info/ returned response: <Response [200]>
2020-07-17 15:17:57,047 - instabot version: 0.117.0 (api) - DEBUG - GET to endpoint: friendships/37139012092/following/?max_id=&ig_sig_key_version=4&rank_token=37139012092_1bbfd142-163d-495d-99a6-dac22d91ac34 returned response: <Response [200]>
2020-07-17 15:18:07,056 - instabot version: 0.117.0 (api_login) - DEBUG - Loading cookies
2020-07-17 15:18:07,058 - instabot version: 0.117.0 (api_login) - DEBUG - Loading uuids
2020-07-17 15:18:07,058 - instabot version: 0.117.0 (api_login) - INFO - Recovery from D:\python\instabot/config/usmanaslam406_uuid_and_cookie.json: COOKIE True - UUIDs True - TIMING, DEVICE and ...
- user-agent=Instagram 117.0.0.28.123 Android (28/9.0; 420dpi; 1080x1920; OnePlus; ONEPLUS A3003; OnePlus3; qcom; en_US; 180322800)
- phone_id=7f690b8d-3868-49f6-ad8f-1fbe4192dc25
- uuid=1bbfd142-163d-495d-99a6-dac22d91ac34
- client_session_id=2ece45d5-a97f-46ae-ae1d-ab75a991484f
- device_id=android-f0522cd16f3458a1
2020-07-17 15:18:07,068 - instabot version: 0.117.0 (api_login) - INFO - LOGIN FLOW! Just logged-in: False
2020-07-17 15:18:08,422 - instabot version: 0.117.0 (api) - DEBUG - POST to endpoint: feed/timeline/ returned response: <Response [200]>
2020-07-17 15:18:09,133 - instabot version: 0.117.0 (api) - DEBUG - POST to endpoint: feed/reels_tray/ returned response: <Response [200]>
2020-07-17 15:18:09,149 - instabot version: 0.117.0 (api) - INFO - Logged-in successfully as 'usmanaslam406'!
2020-07-17 15:18:09,155 - instabot version: 0.117.0 (bot_checkpoint) - DEBUG - Loading Checkpoint file from: D:\python\instabot/config/usmanaslam406.checkpoint
2020-07-17 15:18:09,844 - instabot version: 0.117.0 (api) - DEBUG - GET to endpoint: users/arsalan.ak47/usernameinfo/ returned response: <Response [200]>
2020-07-17 15:18:10,425 - instabot version: 0.117.0 (bot_follow) - INFO - Going to follow `user_id` 2033130243.
2020-07-17 15:21:25,244 - instabot version: 0.117.0 (api) - DEBUG - post data: {"user_id": "2033130243", "radio_type": "wifi-none", "device_id": "android-f0522cd16f3458a1", "_uuid": "1bbfd142-163d-495d-99a6-dac22d91ac34", "_uid": "37139012092", "_csrftoken": "MQD63mcMgemleSq1qYv07xYbEOlrZ8hi"}
2020-07-17 15:21:26,244 - instabot version: 0.117.0 (api) - DEBUG - POST to endpoint: friendships/create/2033130243/ returned response: <Response [200]>
2020-07-17 15:21:26,245 - instabot version: 0.117.0 (bot_follow) - INFO - Followed `user_id` 2033130243.
2020-07-17 15:21:36,257 - instabot version: 0.117.0 (api_login) - DEBUG - Loading cookies
2020-07-17 15:21:36,259 - instabot version: 0.117.0 (api_login) - DEBUG - Loading uuids
2020-07-17 15:21:36,259 - instabot version: 0.117.0 (api_login) - INFO - Recovery from D:\python\instabot/config/usmanaslam406_uuid_and_cookie.json: COOKIE True - UUIDs True - TIMING, DEVICE and ...
- user-agent=Instagram 117.0.0.28.123 Android (28/9.0; 420dpi; 1080x1920; OnePlus; ONEPLUS A3003; OnePlus3; qcom; en_US; 180322800)
- phone_id=7f690b8d-3868-49f6-ad8f-1fbe4192dc25
- uuid=1bbfd142-163d-495d-99a6-dac22d91ac34
- client_session_id=2ece45d5-a97f-46ae-ae1d-ab75a991484f
- device_id=android-f0522cd16f3458a1
2020-07-17 15:21:36,266 - instabot version: 0.117.0 (api_login) - INFO - LOGIN FLOW! Just logged-in: False
2020-07-17 15:21:37,925 - instabot version: 0.117.0 (api) - DEBUG - POST to endpoint: feed/timeline/ returned response: <Response [200]>
2020-07-17 15:21:38,643 - instabot version: 0.117.0 (api) - DEBUG - POST to endpoint: feed/reels_tray/ returned response: <Response [200]>
2020-07-17 15:21:38,661 - instabot version: 0.117.0 (api) - INFO - Logged-in successfully as 'usmanaslam406'!
2020-07-17 15:21:38,665 - instabot version: 0.117.0 (bot_checkpoint) - DEBUG - Loading Checkpoint file from: D:\python\instabot/config/usmanaslam406.checkpoint
2020-07-17 15:21:39,397 - instabot version: 0.117.0 (api) - DEBUG - GET to endpoint: users/muhammad.ali797/usernameinfo/ returned response: <Response [200]>
2020-07-17 15:21:39,719 - instabot version: 0.117.0 (bot_follow) - INFO - Going to follow `user_id` 3070350250.
2020-07-17 15:24:21,975 - instabot version: 0.117.0 (api) - DEBUG - post data: {"user_id": "3070350250", "radio_type": "wifi-none", "device_id": "android-f0522cd16f3458a1", "_uuid": "1bbfd142-163d-495d-99a6-dac22d91ac34", "_uid": "37139012092", "_csrftoken": "MQD63mcMgemleSq1qYv07xYbEOlrZ8hi"}
2020-07-17 15:24:23,598 - instabot version: 0.117.0 (api) - DEBUG - POST to endpoint: friendships/create/3070350250/ returned response: <Response [200]>
2020-07-17 15:24:23,598 - instabot version: 0.117.0 (bot_follow) - INFO - Followed `user_id` 3070350250.
