2020-07-17 11:56:29,763 - instabot version: 0.117.0 (bot) - INFO - Instabot version: 0.117.0 Started
2020-07-17 11:56:29,770 - instabot version: 0.117.0 (bot) - DEBUG - Bot imported from C:\Users\beast\AppData\Roaming\Python\Python37\site-packages\instabot\bot\bot.py
2020-07-17 11:56:30,981 - instabot version: 0.117.0 (api_login) - DEBUG - Loading cookies
2020-07-17 11:56:30,982 - instabot version: 0.117.0 (api_login) - DEBUG - Loading uuids
2020-07-17 11:56:30,982 - instabot version: 0.117.0 (api_login) - INFO - Recovery from D:\python\instabot/config/usmanaslam406_uuid_and_cookie.json: COOKIE True - UUIDs True - TIMING, DEVICE and ...
- user-agent=Instagram 117.0.0.28.123 Android (28/9.0; 420dpi; 1080x1920; OnePlus; ONEPLUS A3003; OnePlus3; qcom; en_US; 180322800)
- phone_id=7f690b8d-3868-49f6-ad8f-1fbe4192dc25
- uuid=1bbfd142-163d-495d-99a6-dac22d91ac34
- client_session_id=cc8e9ed5-0e24-431e-8e66-6f14057e04da
- device_id=android-f0522cd16f3458a1
2020-07-17 11:56:30,985 - instabot version: 0.117.0 (api_login) - INFO - LOGIN FLOW! Just logged-in: False
2020-07-17 11:56:32,520 - instabot version: 0.117.0 (api) - DEBUG - POST to endpoint: feed/timeline/ returned response: <Response [200]>
2020-07-17 11:56:33,241 - instabot version: 0.117.0 (api) - DEBUG - POST to endpoint: feed/reels_tray/ returned response: <Response [200]>
2020-07-17 11:56:33,952 - instabot version: 0.117.0 (api) - DEBUG - POST to endpoint: direct_v2/ranked_recipients/ returned response: <Response [200]>
2020-07-17 11:56:34,496 - instabot version: 0.117.0 (api) - DEBUG - POST to endpoint: direct_v2/ranked_recipients/ returned response: <Response [200]>
2020-07-17 11:56:35,285 - instabot version: 0.117.0 (api) - DEBUG - POST to endpoint: direct_v2/inbox/ returned response: <Response [200]>
2020-07-17 11:56:35,998 - instabot version: 0.117.0 (api) - DEBUG - GET to endpoint: direct_v2/get_presence/ returned response: <Response [200]>
2020-07-17 11:56:37,124 - instabot version: 0.117.0 (api) - DEBUG - GET to endpoint: news/inbox/?limited_activity=true&show_su=true returned response: <Response [200]>
2020-07-17 11:56:37,723 - instabot version: 0.117.0 (api) - DEBUG - GET to endpoint: users/profile_notice/ returned response: <Response [200]>
2020-07-17 11:56:38,670 - instabot version: 0.117.0 (api) - DEBUG - POST to endpoint: discover/explore/ returned response: <Response [200]>
2020-07-17 11:56:38,691 - instabot version: 0.117.0 (api) - INFO - Logged-in successfully as 'usmanaslam406'!
2020-07-17 11:56:38,694 - instabot version: 0.117.0 (bot_checkpoint) - DEBUG - Loading Checkpoint file from: D:\python\instabot/config/usmanaslam406.checkpoint
2020-07-17 11:57:04,879 - instabot version: 0.117.0 (api) - DEBUG - POST to endpoint: media/configure/? returned response: <Response [200]>
2020-07-17 11:57:06,412 - instabot version: 0.117.0 (api) - DEBUG - POST to endpoint: qe/expose/ returned response: <Response [200]>
2020-07-17 11:57:06,413 - instabot version: 0.117.0 (bot_photo) - INFO - Photo 'img-01.png' is uploaded.
2020-07-17 12:10:19,492 - instabot version: 0.117.0 (bot) - INFO - Instabot version: 0.117.0 Started
2020-07-17 12:10:19,495 - instabot version: 0.117.0 (bot) - DEBUG - Bot imported from C:\Users\beast\AppData\Roaming\Python\Python37\site-packages\instabot\bot\bot.py
2020-07-17 12:10:19,497 - instabot version: 0.117.0 (api_login) - DEBUG - Loading cookies
2020-07-17 12:10:19,497 - instabot version: 0.117.0 (api_login) - DEBUG - Loading uuids
2020-07-17 12:10:19,498 - instabot version: 0.117.0 (api_login) - INFO - Recovery from D:\python\instabot/config/usmanaslam406_uuid_and_cookie.json: COOKIE True - UUIDs True - TIMING, DEVICE and ...
- user-agent=Instagram 117.0.0.28.123 Android (28/9.0; 420dpi; 1080x1920; OnePlus; ONEPLUS A3003; OnePlus3; qcom; en_US; 180322800)
- phone_id=7f690b8d-3868-49f6-ad8f-1fbe4192dc25
- uuid=1bbfd142-163d-495d-99a6-dac22d91ac34
- client_session_id=5548ae3e-647e-4e97-b41a-0807ee1c37b7
- device_id=android-f0522cd16f3458a1
2020-07-17 12:10:19,543 - instabot version: 0.117.0 (api_login) - INFO - LOGIN FLOW! Just logged-in: False
2020-07-17 12:10:21,344 - instabot version: 0.117.0 (api) - DEBUG - POST to endpoint: feed/timeline/ returned response: <Response [200]>
2020-07-17 12:10:22,165 - instabot version: 0.117.0 (api) - DEBUG - POST to endpoint: feed/reels_tray/ returned response: <Response [200]>
2020-07-17 12:10:22,182 - instabot version: 0.117.0 (api) - INFO - Logged-in successfully as 'usmanaslam406'!
2020-07-17 12:10:22,188 - instabot version: 0.117.0 (bot_checkpoint) - DEBUG - Loading Checkpoint file from: D:\python\instabot/config/usmanaslam406.checkpoint
2020-07-17 12:10:22,865 - instabot version: 0.117.0 (api) - DEBUG - GET to endpoint: users/arsalan.ak47/usernameinfo/ returned response: <Response [200]>
2020-07-17 12:10:23,695 - instabot version: 0.117.0 (bot_follow) - INFO - Going to follow `user_id` 2033130243.
2020-07-17 12:10:23,700 - instabot version: 0.117.0 (api) - DEBUG - post data: {"user_id": "2033130243", "radio_type": "wifi-none", "device_id": "android-f0522cd16f3458a1", "_uuid": "1bbfd142-163d-495d-99a6-dac22d91ac34", "_uid": "37139012092", "_csrftoken": "vMG4QtCAG8RP95bw1lX9HyxUQW1XD5W2"}
2020-07-17 12:10:27,087 - instabot version: 0.117.0 (api) - DEBUG - POST to endpoint: friendships/create/2033130243/ returned response: <Response [200]>
2020-07-17 12:10:27,087 - instabot version: 0.117.0 (bot_follow) - INFO - Followed `user_id` 2033130243.
2020-07-17 12:10:27,802 - instabot version: 0.117.0 (api) - DEBUG - GET to endpoint: users/37139012092/info/ returned response: <Response [200]>
2020-07-17 12:10:28,494 - instabot version: 0.117.0 (api) - DEBUG - GET to endpoint: friendships/37139012092/following/?max_id=&ig_sig_key_version=4&rank_token=37139012092_1bbfd142-163d-495d-99a6-dac22d91ac34 returned response: <Response [200]>
