2020-07-17 14:53:14,068 - instabot version: 0.117.0 (bot) - INFO - Instabot version: 0.117.0 Started
2020-07-17 14:53:14,072 - instabot version: 0.117.0 (bot) - DEBUG - Bot imported from C:\Users\beast\AppData\Roaming\Python\Python37\site-packages\instabot\bot\bot.py
2020-07-17 14:55:13,342 - instabot version: 0.117.0 (bot) - INFO - Instabot version: 0.117.0 Started
2020-07-17 14:55:13,344 - instabot version: 0.117.0 (bot) - DEBUG - Bot imported from C:\Users\beast\AppData\Roaming\Python\Python37\site-packages\instabot\bot\bot.py
2020-07-17 14:55:13,346 - instabot version: 0.117.0 (api_login) - DEBUG - Loading cookies
2020-07-17 14:55:13,346 - instabot version: 0.117.0 (api_login) - DEBUG - Loading uuids
2020-07-17 14:55:13,381 - instabot version: 0.117.0 (api_login) - INFO - Recovery from D:\python\instabot/config/usmanaslam406_uuid_and_cookie.json: COOKIE True - UUIDs True - TIMING, DEVICE and ...
- user-agent=Instagram 117.0.0.28.123 Android (28/9.0; 420dpi; 1080x1920; OnePlus; ONEPLUS A3003; OnePlus3; qcom; en_US; 180322800)
- phone_id=7f690b8d-3868-49f6-ad8f-1fbe4192dc25
- uuid=1bbfd142-163d-495d-99a6-dac22d91ac34
- client_session_id=2ece45d5-a97f-46ae-ae1d-ab75a991484f
- device_id=android-f0522cd16f3458a1
2020-07-17 14:55:13,493 - instabot version: 0.117.0 (api_login) - INFO - LOGIN FLOW! Just logged-in: False
2020-07-17 14:55:15,083 - instabot version: 0.117.0 (api) - DEBUG - POST to endpoint: feed/timeline/ returned response: <Response [200]>
2020-07-17 14:55:15,829 - instabot version: 0.117.0 (api) - DEBUG - POST to endpoint: feed/reels_tray/ returned response: <Response [200]>
2020-07-17 14:55:15,843 - instabot version: 0.117.0 (api) - INFO - Logged-in successfully as 'usmanaslam406'!
2020-07-17 14:55:15,845 - instabot version: 0.117.0 (bot_checkpoint) - DEBUG - Loading Checkpoint file from: D:\python\instabot/config/usmanaslam406.checkpoint
2020-07-17 14:55:16,470 - instabot version: 0.117.0 (api) - DEBUG - GET to endpoint: users/arsalan.ak47/usernameinfo/ returned response: <Response [200]>
2020-07-17 14:55:16,874 - instabot version: 0.117.0 (bot_follow) - INFO - Going to follow `user_id` 2033130243.
2020-07-17 14:55:16,879 - instabot version: 0.117.0 (api) - DEBUG - post data: {"user_id": "2033130243", "radio_type": "wifi-none", "device_id": "android-f0522cd16f3458a1", "_uuid": "1bbfd142-163d-495d-99a6-dac22d91ac34", "_uid": "37139012092", "_csrftoken": "vMG4QtCAG8RP95bw1lX9HyxUQW1XD5W2"}
2020-07-17 14:55:17,647 - instabot version: 0.117.0 (api) - DEBUG - POST to endpoint: friendships/create/2033130243/ returned response: <Response [200]>
2020-07-17 14:55:17,647 - instabot version: 0.117.0 (bot_follow) - INFO - Followed `user_id` 2033130243.
2020-07-17 14:55:21,388 - instabot version: 0.117.0 (api) - DEBUG - GET to endpoint: users/37139012092/info/ returned response: <Response [200]>
2020-07-17 14:55:21,990 - instabot version: 0.117.0 (api) - DEBUG - GET to endpoint: friendships/37139012092/following/?max_id=&ig_sig_key_version=4&rank_token=37139012092_1bbfd142-163d-495d-99a6-dac22d91ac34 returned response: <Response [200]>
2020-07-17 14:55:22,591 - instabot version: 0.117.0 (api) - DEBUG - GET to endpoint: users/abdul_jabbar_a_j/usernameinfo/ returned response: <Response [200]>
2020-07-17 14:55:23,016 - instabot version: 0.117.0 (bot_follow) - INFO - Going to follow `user_id` 2905912660.
